<?xml version="1.0" encoding="UTF-8"?>
<!-- Generated by org.testng.reporters.JUnitReportReporter -->
<testsuite hostname="DESKTOP-A0PA6AD" failures="0" tests="1" name="scripts.testcate2" time="0.002" errors="0" timestamp="2022-10-09T20:19:13 IST" skipped="0">
  <testcase classname="scripts.testcate2" name="tc2" time="0.002"/>
  <system-out>
    <![CDATA[aditya]]>
  </system-out>
</testsuite> <!-- scripts.testcate2 -->
