<?xml version="1.0" encoding="UTF-8"?>
<!-- Generated by org.testng.reporters.JUnitReportReporter -->
<testsuite hostname="DESKTOP-A0PA6AD" failures="0" tests="1" name="scripts.testcase1" time="0.014" errors="0" timestamp="2022-10-09T20:19:13 IST" skipped="0">
  <testcase classname="scripts.testcase1" name="tc1" time="0.014"/>
  <system-out>
    <![CDATA[adarsha]]>
  </system-out>
</testsuite> <!-- scripts.testcase1 -->
